app/build/intermediates/manifest_merge_blame_file/debug/manifest-merger-blame-debug-report.txt
1<?xml version="1.0" encoding="utf-8"?>
2<manifest xmlns:android="http://schemas.android.com/apk/res/android"
3    package="com.gentryx.todoapp"
4    android:versionCode="1"
5    android:versionName="1.0" >
6
7    <uses-sdk
8        android:minSdkVersion="21"
8-->src/main/AndroidManifest.xml
9        android:targetSdkVersion="29" />
9-->src/main/AndroidManifest.xml
10
11    <uses-permission android:name="android.permission.ACCESS_NETWORK_STATE" />
11-->src/main/AndroidManifest.xml:5:5-79
11-->src/main/AndroidManifest.xml:5:22-76
12    <uses-permission android:name="android.permission.INTERNET" />
12-->src/main/AndroidManifest.xml:6:5-67
12-->src/main/AndroidManifest.xml:6:22-64
13    <uses-permission android:name="android.permission.READ_EXTERNAL_STORAGE" />
13-->[com.github.dhaval2404:imagepicker-support:1.7.1] AndroidManifest.xml:11:5-80
13-->[com.github.dhaval2404:imagepicker-support:1.7.1] AndroidManifest.xml:11:22-77
14    <uses-permission android:name="android.permission.WRITE_EXTERNAL_STORAGE" />
14-->[com.github.dhaval2404:imagepicker-support:1.7.1] AndroidManifest.xml:12:5-81
14-->[com.github.dhaval2404:imagepicker-support:1.7.1] AndroidManifest.xml:12:22-78
15
16    <application
16-->src/main/AndroidManifest.xml:8:5-27:19
17        android:allowBackup="true"
17-->src/main/AndroidManifest.xml:9:9-35
18        android:appComponentFactory="androidx.core.app.CoreComponentFactory"
18-->[androidx.core:core:1.3.0-beta01] AndroidManifest.xml:24:18-86
19        android:debuggable="true"
20        android:icon="@mipmap/ic_launcher"
20-->src/main/AndroidManifest.xml:10:9-43
21        android:label="@string/app_name"
21-->src/main/AndroidManifest.xml:11:9-41
22        android:networkSecurityConfig="@xml/network_security_config"
22-->src/main/AndroidManifest.xml:15:9-69
23        android:requestLegacyExternalStorage="true"
23-->src/main/AndroidManifest.xml:16:9-52
24        android:roundIcon="@mipmap/ic_launcher_round"
24-->src/main/AndroidManifest.xml:12:9-54
25        android:supportsRtl="true"
25-->src/main/AndroidManifest.xml:13:9-35
26        android:theme="@style/AppTheme" >
26-->src/main/AndroidManifest.xml:14:9-40
27        <activity android:name="com.gentryx.todoapp.view.ui.splash.SplashActivity" >
27-->src/main/AndroidManifest.xml:17:9-23:20
27-->src/main/AndroidManifest.xml:17:19-64
28            <intent-filter>
28-->src/main/AndroidManifest.xml:18:13-22:29
29                <action android:name="android.intent.action.MAIN" />
29-->src/main/AndroidManifest.xml:19:17-69
29-->src/main/AndroidManifest.xml:19:25-66
30
31                <category android:name="android.intent.category.LAUNCHER" />
31-->src/main/AndroidManifest.xml:21:17-77
31-->src/main/AndroidManifest.xml:21:27-74
32            </intent-filter>
33        </activity>
34        <activity android:name="com.gentryx.todoapp.view.ui.auth.SignUpActivity" />
34-->src/main/AndroidManifest.xml:24:9-65
34-->src/main/AndroidManifest.xml:24:19-62
35        <activity android:name="com.gentryx.todoapp.view.ui.auth.LoginActivity" />
35-->src/main/AndroidManifest.xml:25:9-64
35-->src/main/AndroidManifest.xml:25:19-61
36        <activity android:name="com.gentryx.todoapp.view.ui.main.MainActivity" />
36-->src/main/AndroidManifest.xml:26:9-63
36-->src/main/AndroidManifest.xml:26:19-60
37        <activity
37-->[com.github.dhaval2404:imagepicker-support:1.7.1] AndroidManifest.xml:15:9-18:68
38            android:name="com.github.dhaval2404.imagepicker.ImagePickerActivity"
38-->[com.github.dhaval2404:imagepicker-support:1.7.1] AndroidManifest.xml:16:13-81
39            android:screenOrientation="unspecified"
39-->[com.github.dhaval2404:imagepicker-support:1.7.1] AndroidManifest.xml:17:13-52
40            android:theme="@style/Theme.Transparent.ImagePicker" />
40-->[com.github.dhaval2404:imagepicker-support:1.7.1] AndroidManifest.xml:18:13-65
41        <activity
41-->[com.github.dhaval2404:imagepicker-support:1.7.1] AndroidManifest.xml:19:9-22:72
42            android:name="com.yalantis.ucrop.UCropActivity"
42-->[com.github.dhaval2404:imagepicker-support:1.7.1] AndroidManifest.xml:20:13-60
43            android:screenOrientation="portrait"
43-->[com.github.dhaval2404:imagepicker-support:1.7.1] AndroidManifest.xml:21:13-49
44            android:theme="@style/Theme.AppCompat.Light.NoActionBar" />
44-->[com.github.dhaval2404:imagepicker-support:1.7.1] AndroidManifest.xml:22:13-69
45
46        <provider
46-->[com.github.dhaval2404:imagepicker-support:1.7.1] AndroidManifest.xml:24:9-32:20
47            android:name="com.github.dhaval2404.imagepicker.ImagePickerFileProvider"
47-->[com.github.dhaval2404:imagepicker-support:1.7.1] AndroidManifest.xml:25:13-85
48            android:authorities="com.gentryx.todoapp.imagepicker.provider"
48-->[com.github.dhaval2404:imagepicker-support:1.7.1] AndroidManifest.xml:26:13-72
49            android:exported="false"
49-->[com.github.dhaval2404:imagepicker-support:1.7.1] AndroidManifest.xml:27:13-37
50            android:grantUriPermissions="true" >
50-->[com.github.dhaval2404:imagepicker-support:1.7.1] AndroidManifest.xml:28:13-47
51            <meta-data
51-->[com.github.dhaval2404:imagepicker-support:1.7.1] AndroidManifest.xml:29:13-31:71
52                android:name="android.support.FILE_PROVIDER_PATHS"
52-->[com.github.dhaval2404:imagepicker-support:1.7.1] AndroidManifest.xml:30:17-67
53                android:resource="@xml/image_picker_provider_paths" />
53-->[com.github.dhaval2404:imagepicker-support:1.7.1] AndroidManifest.xml:31:17-68
54        </provider>
55        <provider
55-->[androidx.lifecycle:lifecycle-process:2.2.0] AndroidManifest.xml:25:9-29:43
56            android:name="androidx.lifecycle.ProcessLifecycleOwnerInitializer"
56-->[androidx.lifecycle:lifecycle-process:2.2.0] AndroidManifest.xml:26:13-79
57            android:authorities="com.gentryx.todoapp.lifecycle-process"
57-->[androidx.lifecycle:lifecycle-process:2.2.0] AndroidManifest.xml:27:13-69
58            android:exported="false"
58-->[androidx.lifecycle:lifecycle-process:2.2.0] AndroidManifest.xml:28:13-37
59            android:multiprocess="true" />
59-->[androidx.lifecycle:lifecycle-process:2.2.0] AndroidManifest.xml:29:13-40
60    </application>
61
62</manifest>